#
# A fatal error has been detected by the Java Runtime Environment:
#
#  Internal Error (javaClasses.cpp:126), pid=6188, tid=3061750592
#  fatal error: Invalid layout of preloaded class
#
# JRE version:  (8.0_25-b17) (build )
# Java VM: Java HotSpot(TM) Server VM (25.25-b02 mixed mode linux-x86 )
# Failed to write core dump. Core dumps have been disabled. To enable core dumping, try "ulimit -c unlimited" before starting Java again
#
# If you would like to submit a bug report, please visit:
#   http://bugreport.sun.com/bugreport/crash.jsp
#

---------------  T H R E A D  ---------------

Current thread (0xb6607c00):  JavaThread "Unknown thread" [_thread_in_vm, id=6191, stack(0xb6799000,0xb67ea000)]

Stack: [0xb6799000,0xb67ea000],  sp=0xb67e8d80,  free space=319k
Native frames: (J=compiled Java code, j=interpreted, Vv=VM code, C=native code)
V  [libjvm.so+0x8938d9]  VMError::report_and_die()+0x179
V  [libjvm.so+0x3750bc]  report_fatal(char const*, int, char const*)+0x4c
V  [libjvm.so+0x4db3e2]  compute_offset(int&, Klass*, Symbol*, Symbol*, bool)+0x1e2
V  [libjvm.so+0x4dc121]  java_lang_String::compute_offsets()+0x41
V  [libjvm.so+0x817002]  SystemDictionary::initialize_preloaded_classes(Thread*)+0x92
V  [libjvm.so+0x860d20]  Universe::genesis(Thread*)+0x310
V  [libjvm.so+0x860fa6]  universe2_init()+0x26
V  [libjvm.so+0x49b010]  init_globals()+0xa0
V  [libjvm.so+0x8479a8]  Threads::create_vm(JavaVMInitArgs*, bool*)+0x258
V  [libjvm.so+0x5135ac]  JNI_CreateJavaVM+0x5c
C  [libjli.so+0x6d58]  JavaMain+0x98
C  [libpthread.so.0+0x6d4c]  start_thread+0xcc
C  [libc.so.6+0xef8be]  clone+0x5e


---------------  P R O C E S S  ---------------

Java Threads: ( => current thread )

Other Threads:

=>0xb6607c00 (exited) JavaThread "Unknown thread" [_thread_in_vm, id=6191, stack(0xb6799000,0xb67ea000)]

VM state:not at safepoint (not fully initialized)

VM Mutex/Monitor currently owned by a thread: None

GC Heap History (0 events):
No events

Deoptimization events (0 events):
No events

Internal exceptions (0 events):
No events

Events (10 events):
Event: 0.013 loading class java/lang/CharSequence done
Event: 0.013 loading class java/lang/String done
Event: 0.013 loading class java/lang/Class
Event: 0.013 loading class java/lang/reflect/AnnotatedElement
Event: 0.013 loading class java/lang/reflect/AnnotatedElement done
Event: 0.013 loading class java/lang/reflect/GenericDeclaration
Event: 0.013 loading class java/lang/reflect/GenericDeclaration done
Event: 0.013 loading class java/lang/reflect/Type
Event: 0.013 loading class java/lang/reflect/Type done
Event: 0.014 loading class java/lang/Class done


Dynamic libraries:
08048000-08049000 r-xp 00000000 08:03 2374615    /media/fb5e735f-a74b-45c3-82fb-10dd213443e6/diego/adt-bundle-linux-x86-20140702/eclipse/jre/bin/java
08049000-0804a000 rw-p 00000000 08:03 2374615    /media/fb5e735f-a74b-45c3-82fb-10dd213443e6/diego/adt-bundle-linux-x86-20140702/eclipse/jre/bin/java
08238000-08259000 rw-p 00000000 00:00 0          [heap]
65872000-65ab5000 rw-p 00000000 00:00 0 
65ab5000-65b8c000 r--s 013fe000 08:03 1969125    /media/fb5e735f-a74b-45c3-82fb-10dd213443e6/diego/adt-bundle-linux-x86-20140702/sdk/platforms/android-19/android.jar
65b8c000-65db2000 rw-p 00000000 00:00 0 
65db2000-65fd8000 ---p 00000000 00:00 0 
65fd8000-68300000 rw-p 00000000 00:00 0 
68300000-68321000 rw-p 00000000 00:00 0 
68321000-68400000 ---p 00000000 00:00 0 
68424000-6847f000 rw-p 00000000 00:00 0 
6847f000-68480000 ---p 00000000 00:00 0 
68480000-68500000 rw-p 00000000 00:00 0          [stack:6193]
68500000-68521000 rw-p 00000000 00:00 0 
68521000-68600000 ---p 00000000 00:00 0 
6863c000-6863d000 ---p 00000000 00:00 0 
6863d000-686d3000 rw-p 00000000 00:00 0          [stack:6192]
686d3000-6880b000 ---p 00000000 00:00 0 
6880b000-68821000 rw-p 00000000 00:00 0 
68821000-68958000 ---p 00000000 00:00 0 
68958000-68963000 rw-p 00000000 00:00 0 
68963000-689ff000 ---p 00000000 00:00 0 
689ff000-6b4c0000 rw-p 00000000 00:00 0 
6b4c0000-924c0000 ---p 00000000 00:00 0 
924c0000-93a00000 rw-p 00000000 00:00 0 
93a00000-a7200000 ---p 00000000 00:00 0 
a7201000-a7249000 rw-p 00000000 00:00 0 
a7249000-a7600000 ---p 00000000 00:00 0 
a7600000-a7840000 rwxp 00000000 00:00 0 
a7840000-b6600000 ---p 00000000 00:00 0 
b6600000-b6653000 rw-p 00000000 00:00 0 
b6653000-b6700000 ---p 00000000 00:00 0 
b6703000-b671c000 r-xp 00000000 08:03 2374593    /media/fb5e735f-a74b-45c3-82fb-10dd213443e6/diego/adt-bundle-linux-x86-20140702/eclipse/jre/lib/i386/libzip.so
b671c000-b671d000 rw-p 00018000 08:03 2374593    /media/fb5e735f-a74b-45c3-82fb-10dd213443e6/diego/adt-bundle-linux-x86-20140702/eclipse/jre/lib/i386/libzip.so
b671d000-b6728000 r-xp 00000000 08:02 1442018    /lib/i386-linux-gnu/libnss_files-2.15.so
b6728000-b6729000 r--p 0000a000 08:02 1442018    /lib/i386-linux-gnu/libnss_files-2.15.so
b6729000-b672a000 rw-p 0000b000 08:02 1442018    /lib/i386-linux-gnu/libnss_files-2.15.so
b672a000-b6734000 r-xp 00000000 08:02 1442035    /lib/i386-linux-gnu/libnss_nis-2.15.so
b6734000-b6735000 r--p 00009000 08:02 1442035    /lib/i386-linux-gnu/libnss_nis-2.15.so
b6735000-b6736000 rw-p 0000a000 08:02 1442035    /lib/i386-linux-gnu/libnss_nis-2.15.so
b6736000-b674c000 r-xp 00000000 08:02 1442025    /lib/i386-linux-gnu/libnsl-2.15.so
b674c000-b674d000 r--p 00015000 08:02 1442025    /lib/i386-linux-gnu/libnsl-2.15.so
b674d000-b674e000 rw-p 00016000 08:02 1442025    /lib/i386-linux-gnu/libnsl-2.15.so
b674e000-b6750000 rw-p 00000000 00:00 0 
b6750000-b6757000 r-xp 00000000 08:02 1442021    /lib/i386-linux-gnu/libnss_compat-2.15.so
b6757000-b6758000 r--p 00006000 08:02 1442021    /lib/i386-linux-gnu/libnss_compat-2.15.so
b6758000-b6759000 rw-p 00007000 08:02 1442021    /lib/i386-linux-gnu/libnss_compat-2.15.so
b6763000-b676b000 rw-s 00000000 08:02 1313012    /tmp/hsperfdata_diego/6188
b676b000-b678f000 r-xp 00000000 08:03 2374557    /media/fb5e735f-a74b-45c3-82fb-10dd213443e6/diego/adt-bundle-linux-x86-20140702/eclipse/jre/lib/i386/libjava.so
b678f000-b6790000 rw-p 00023000 08:03 2374557    /media/fb5e735f-a74b-45c3-82fb-10dd213443e6/diego/adt-bundle-linux-x86-20140702/eclipse/jre/lib/i386/libjava.so
b6790000-b6797000 r-xp 00000000 08:02 1442029    /lib/i386-linux-gnu/librt-2.15.so
b6797000-b6798000 r--p 00006000 08:02 1442029    /lib/i386-linux-gnu/librt-2.15.so
b6798000-b6799000 rw-p 00007000 08:02 1442029    /lib/i386-linux-gnu/librt-2.15.so
b6799000-b679c000 ---p 00000000 00:00 0 
b679c000-b67ea000 rw-p 00000000 00:00 0          [stack:6191]
b67ea000-b6814000 r-xp 00000000 08:02 1442023    /lib/i386-linux-gnu/libm-2.15.so
b6814000-b6815000 r--p 00029000 08:02 1442023    /lib/i386-linux-gnu/libm-2.15.so
b6815000-b6816000 rw-p 0002a000 08:02 1442023    /lib/i386-linux-gnu/libm-2.15.so
b6816000-b7152000 r-xp 00000000 08:03 2374602    /media/fb5e735f-a74b-45c3-82fb-10dd213443e6/diego/adt-bundle-linux-x86-20140702/eclipse/jre/lib/i386/server/libjvm.so
b7152000-b71be000 rw-p 0093b000 08:03 2374602    /media/fb5e735f-a74b-45c3-82fb-10dd213443e6/diego/adt-bundle-linux-x86-20140702/eclipse/jre/lib/i386/server/libjvm.so
b71be000-b75e4000 rw-p 00000000 00:00 0 
b75e4000-b7788000 r-xp 00000000 08:02 1442033    /lib/i386-linux-gnu/libc-2.15.so
b7788000-b778a000 r--p 001a4000 08:02 1442033    /lib/i386-linux-gnu/libc-2.15.so
b778a000-b778b000 rw-p 001a6000 08:02 1442033    /lib/i386-linux-gnu/libc-2.15.so
b778b000-b778e000 rw-p 00000000 00:00 0 
b778e000-b7791000 r-xp 00000000 08:02 1442020    /lib/i386-linux-gnu/libdl-2.15.so
b7791000-b7792000 r--p 00002000 08:02 1442020    /lib/i386-linux-gnu/libdl-2.15.so
b7792000-b7793000 rw-p 00003000 08:02 1442020    /lib/i386-linux-gnu/libdl-2.15.so
b7793000-b77a7000 r-xp 00000000 08:03 2374583    /media/fb5e735f-a74b-45c3-82fb-10dd213443e6/diego/adt-bundle-linux-x86-20140702/eclipse/jre/lib/i386/jli/libjli.so
b77a7000-b77a8000 rw-p 00013000 08:03 2374583    /media/fb5e735f-a74b-45c3-82fb-10dd213443e6/diego/adt-bundle-linux-x86-20140702/eclipse/jre/lib/i386/jli/libjli.so
b77a8000-b77bf000 r-xp 00000000 08:02 1442027    /lib/i386-linux-gnu/libpthread-2.15.so
b77bf000-b77c0000 r--p 00016000 08:02 1442027    /lib/i386-linux-gnu/libpthread-2.15.so
b77c0000-b77c1000 rw-p 00017000 08:02 1442027    /lib/i386-linux-gnu/libpthread-2.15.so
b77c1000-b77c4000 rw-p 00000000 00:00 0 
b77c5000-b77c9000 rw-p 00000000 00:00 0 
b77c9000-b77ca000 r--p 00000000 00:00 0 
b77ca000-b77d5000 r-xp 00000000 08:03 2374580    /media/fb5e735f-a74b-45c3-82fb-10dd213443e6/diego/adt-bundle-linux-x86-20140702/eclipse/jre/lib/i386/libverify.so
b77d5000-b77d6000 rw-p 0000b000 08:03 2374580    /media/fb5e735f-a74b-45c3-82fb-10dd213443e6/diego/adt-bundle-linux-x86-20140702/eclipse/jre/lib/i386/libverify.so
b77d6000-b77d8000 rw-p 00000000 00:00 0 
b77d8000-b77d9000 r-xp 00000000 00:00 0          [vdso]
b77d9000-b77f9000 r-xp 00000000 08:02 1442017    /lib/i386-linux-gnu/ld-2.15.so
b77f9000-b77fa000 r--p 0001f000 08:02 1442017    /lib/i386-linux-gnu/ld-2.15.so
b77fa000-b77fb000 rw-p 00020000 08:02 1442017    /lib/i386-linux-gnu/ld-2.15.so
bf9da000-bf9db000 rwxp 00000000 00:00 0 
bfa0d000-bfa2e000 rw-p 00000000 00:00 0          [stack]

VM Arguments:
jvm_args: -Dfile.encoding=UTF-8 -Xbootclasspath:/media/fb5e735f-a74b-45c3-82fb-10dd213443e6/diego/adt-bundle-linux-x86-20140702/sdk/platforms/android-19/android.jar 
java_command: com.example.app.LeerCsv
java_class_path (initial): /home/diego/git/proyecto/libs/androidplot-core-0.6.2-SNAPSHOT.jar:/home/diego/git/proyecto/libs/achartengine-1.1.0.jar:/home/diego/git/proyecto/libs/android-support-v4.jar:/home/diego/git/proyecto/bin/classes:/home/diego/Descargas/javacsv.jar
Launcher Type: SUN_STANDARD

Environment Variables:
PATH=/usr/lib/lightdm/lightdm:/usr/local/sbin:/usr/local/bin:/usr/sbin:/usr/bin:/sbin:/bin:/usr/games
LD_LIBRARY_PATH=/media/fb5e735f-a74b-45c3-82fb-10dd213443e6/diego/adt-bundle-linux-x86-20140702/eclipse/jre/lib/i386/server:/media/fb5e735f-a74b-45c3-82fb-10dd213443e6/diego/adt-bundle-linux-x86-20140702/eclipse/jre/lib/i386:/media/fb5e735f-a74b-45c3-82fb-10dd213443e6/diego/adt-bundle-linux-x86-20140702/eclipse/jre/../lib/i386:/media/fb5e735f-a74b-45c3-82fb-10dd213443e6/diego/adt-bundle-linux-x86-20140702/eclipse/jre/lib/i386/client:/media/fb5e735f-a74b-45c3-82fb-10dd213443e6/diego/adt-bundle-linux-x86-20140702/eclipse/jre/lib/i386:
SHELL=/bin/bash
DISPLAY=:0.0

Signal Handlers:
SIGSEGV: [libjvm.so+0x8943c0], sa_mask[0]=11111111011111111101111111111110, sa_flags=SA_RESTART|SA_SIGINFO
SIGBUS: [libjvm.so+0x8943c0], sa_mask[0]=11111111011111111101111111111110, sa_flags=SA_RESTART|SA_SIGINFO
SIGFPE: [libjvm.so+0x71de00], sa_mask[0]=11111111011111111101111111111110, sa_flags=SA_RESTART|SA_SIGINFO
SIGPIPE: [libjvm.so+0x71de00], sa_mask[0]=11111111011111111101111111111110, sa_flags=SA_RESTART|SA_SIGINFO
SIGXFSZ: [libjvm.so+0x71de00], sa_mask[0]=11111111011111111101111111111110, sa_flags=SA_RESTART|SA_SIGINFO
SIGILL: [libjvm.so+0x71de00], sa_mask[0]=11111111011111111101111111111110, sa_flags=SA_RESTART|SA_SIGINFO
SIGUSR1: SIG_DFL, sa_mask[0]=00000000000000000000000000000000, sa_flags=none
SIGUSR2: [libjvm.so+0x71f5b0], sa_mask[0]=00100000000000000000000000000000, sa_flags=SA_RESTART|SA_SIGINFO
SIGHUP: SIG_DFL, sa_mask[0]=00000000000000000000000000000000, sa_flags=none
SIGINT: SIG_DFL, sa_mask[0]=00000000000000000000000000000000, sa_flags=none
SIGTERM: SIG_DFL, sa_mask[0]=00000000000000000000000000000000, sa_flags=none
SIGQUIT: SIG_DFL, sa_mask[0]=00000000000000000000000000000000, sa_flags=none


---------------  S Y S T E M  ---------------

OS:DISTRIB_ID=Ubuntu
DISTRIB_RELEASE=12.04
DISTRIB_CODENAME=precise
DISTRIB_DESCRIPTION="Ubuntu 12.04.5 LTS"

uname:Linux 3.8.0-44-generic #66~precise1-Ubuntu SMP Tue Jul 15 04:04:23 UTC 2014 i686
libc:glibc 2.15 NPTL 2.15 
rlimit: STACK 8192k, CORE 0k, NPROC 31866, NOFILE 4096, AS infinity
load average:0.88 0.87 1.14

/proc/meminfo:
MemTotal:        4095712 kB
MemFree:         1424464 kB
Buffers:          214280 kB
Cached:          1166232 kB
SwapCached:            0 kB
Active:          1673576 kB
Inactive:         829516 kB
Active(anon):    1123628 kB
Inactive(anon):    22388 kB
Active(file):     549948 kB
Inactive(file):   807128 kB
Unevictable:          88 kB
Mlocked:              88 kB
HighTotal:       3245384 kB
HighFree:         928444 kB
LowTotal:         850328 kB
LowFree:          496020 kB
SwapTotal:       2097148 kB
SwapFree:        2097148 kB
Dirty:               116 kB
Writeback:             0 kB
AnonPages:       1122744 kB
Mapped:           218284 kB
Shmem:             23444 kB
Slab:             117996 kB
SReclaimable:     100112 kB
SUnreclaim:        17884 kB
KernelStack:        4200 kB
PageTables:        13040 kB
NFS_Unstable:          0 kB
Bounce:                0 kB
WritebackTmp:          0 kB
CommitLimit:     4145004 kB
Committed_AS:    4428840 kB
VmallocTotal:     122880 kB
VmallocUsed:       60476 kB
VmallocChunk:      56828 kB
HardwareCorrupted:     0 kB
AnonHugePages:         0 kB
HugePages_Total:       0
HugePages_Free:        0
HugePages_Rsvd:        0
HugePages_Surp:        0
Hugepagesize:       2048 kB
DirectMap4k:       10232 kB
DirectMap2M:      903168 kB


CPU:total 2 (2 cores per cpu, 1 threads per core) family 6 model 23 stepping 10, cmov, cx8, fxsr, mmx, sse, sse2, sse3, ssse3, tsc

/proc/cpuinfo:
processor	: 0
vendor_id	: GenuineIntel
cpu family	: 6
model		: 23
model name	: Pentium(R) Dual-Core CPU       T4200  @ 2.00GHz
stepping	: 10
microcode	: 0xa07
cpu MHz		: 2000.000
cache size	: 1024 KB
physical id	: 0
siblings	: 2
core id		: 0
cpu cores	: 2
apicid		: 0
initial apicid	: 0
fdiv_bug	: no
hlt_bug		: no
f00f_bug	: no
coma_bug	: no
fpu		: yes
fpu_exception	: yes
cpuid level	: 13
wp		: yes
flags		: fpu vme de pse tsc msr pae mce cx8 apic sep mtrr pge mca cmov pat pse36 clflush dts acpi mmx fxsr sse sse2 ss ht tm pbe nx lm constant_tsc arch_perfmon pebs bts aperfmperf pni dtes64 monitor ds_cpl est tm2 ssse3 cx16 xtpr pdcm xsave lahf_lm dtherm
bogomips	: 3990.01
clflush size	: 64
cache_alignment	: 64
address sizes	: 36 bits physical, 48 bits virtual
power management:

processor	: 1
vendor_id	: GenuineIntel
cpu family	: 6
model		: 23
model name	: Pentium(R) Dual-Core CPU       T4200  @ 2.00GHz
stepping	: 10
microcode	: 0xa07
cpu MHz		: 2000.000
cache size	: 1024 KB
physical id	: 0
siblings	: 2
core id		: 1
cpu cores	: 2
apicid		: 1
initial apicid	: 1
fdiv_bug	: no
hlt_bug		: no
f00f_bug	: no
coma_bug	: no
fpu		: yes
fpu_exception	: yes
cpuid level	: 13
wp		: yes
flags		: fpu vme de pse tsc msr pae mce cx8 apic sep mtrr pge mca cmov pat pse36 clflush dts acpi mmx fxsr sse sse2 ss ht tm pbe nx lm constant_tsc arch_perfmon pebs bts aperfmperf pni dtes64 monitor ds_cpl est tm2 ssse3 cx16 xtpr pdcm xsave lahf_lm dtherm
bogomips	: 3990.01
clflush size	: 64
cache_alignment	: 64
address sizes	: 36 bits physical, 48 bits virtual
power management:



Memory: 4k page, physical 4095712k(1424464k free), swap 2097148k(2097148k free)

vm_info: Java HotSpot(TM) Server VM (25.25-b02) for linux-x86 JRE (1.8.0_25-b17), built on Sep 17 2014 16:16:24 by "java_re" with gcc 4.3.0 20080428 (Red Hat 4.3.0-8)

time: Mon Jan 19 12:30:40 2015
elapsed time: 0 seconds (0d 0h 0m 0s)

