#
# A fatal error has been detected by the Java Runtime Environment:
#
#  Internal Error (javaClasses.cpp:126), pid=6208, tid=3061230400
#  fatal error: Invalid layout of preloaded class
#
# JRE version:  (8.0_25-b17) (build )
# Java VM: Java HotSpot(TM) Server VM (25.25-b02 mixed mode linux-x86 )
# Failed to write core dump. Core dumps have been disabled. To enable core dumping, try "ulimit -c unlimited" before starting Java again
#
# If you would like to submit a bug report, please visit:
#   http://bugreport.sun.com/bugreport/crash.jsp
#

---------------  T H R E A D  ---------------

Current thread (0xb6607c00):  JavaThread "Unknown thread" [_thread_in_vm, id=6213, stack(0xb671a000,0xb676b000)]

Stack: [0xb671a000,0xb676b000],  sp=0xb6769d80,  free space=319k
Native frames: (J=compiled Java code, j=interpreted, Vv=VM code, C=native code)
V  [libjvm.so+0x8938d9]  VMError::report_and_die()+0x179
V  [libjvm.so+0x3750bc]  report_fatal(char const*, int, char const*)+0x4c
V  [libjvm.so+0x4db3e2]  compute_offset(int&, Klass*, Symbol*, Symbol*, bool)+0x1e2
V  [libjvm.so+0x4dc121]  java_lang_String::compute_offsets()+0x41
V  [libjvm.so+0x817002]  SystemDictionary::initialize_preloaded_classes(Thread*)+0x92
V  [libjvm.so+0x860d20]  Universe::genesis(Thread*)+0x310
V  [libjvm.so+0x860fa6]  universe2_init()+0x26
V  [libjvm.so+0x49b010]  init_globals()+0xa0
V  [libjvm.so+0x8479a8]  Threads::create_vm(JavaVMInitArgs*, bool*)+0x258
V  [libjvm.so+0x5135ac]  JNI_CreateJavaVM+0x5c
C  [libjli.so+0x6d58]  JavaMain+0x98
C  [libpthread.so.0+0x6d4c]  start_thread+0xcc
C  [libc.so.6+0xef8be]  clone+0x5e


---------------  P R O C E S S  ---------------

Java Threads: ( => current thread )

Other Threads:

=>0xb6607c00 (exited) JavaThread "Unknown thread" [_thread_in_vm, id=6213, stack(0xb671a000,0xb676b000)]

VM state:not at safepoint (not fully initialized)

VM Mutex/Monitor currently owned by a thread: None

GC Heap History (0 events):
No events

Deoptimization events (0 events):
No events

Internal exceptions (0 events):
No events

Events (10 events):
Event: 0.011 loading class java/lang/CharSequence done
Event: 0.012 loading class java/lang/String done
Event: 0.012 loading class java/lang/Class
Event: 0.012 loading class java/lang/reflect/AnnotatedElement
Event: 0.012 loading class java/lang/reflect/AnnotatedElement done
Event: 0.012 loading class java/lang/reflect/GenericDeclaration
Event: 0.012 loading class java/lang/reflect/GenericDeclaration done
Event: 0.012 loading class java/lang/reflect/Type
Event: 0.012 loading class java/lang/reflect/Type done
Event: 0.013 loading class java/lang/Class done


Dynamic libraries:
08048000-08049000 r-xp 00000000 08:03 2374615    /media/fb5e735f-a74b-45c3-82fb-10dd213443e6/diego/adt-bundle-linux-x86-20140702/eclipse/jre/bin/java
08049000-0804a000 rw-p 00000000 08:03 2374615    /media/fb5e735f-a74b-45c3-82fb-10dd213443e6/diego/adt-bundle-linux-x86-20140702/eclipse/jre/bin/java
09797000-097b8000 rw-p 00000000 00:00 0          [heap]
65772000-659b5000 rw-p 00000000 00:00 0 
659b5000-65a8c000 r--s 013fe000 08:03 1969125    /media/fb5e735f-a74b-45c3-82fb-10dd213443e6/diego/adt-bundle-linux-x86-20140702/sdk/platforms/android-19/android.jar
65a8c000-65cb2000 rw-p 00000000 00:00 0 
65cb2000-65ed8000 ---p 00000000 00:00 0 
65ed8000-68200000 rw-p 00000000 00:00 0 
68200000-68221000 rw-p 00000000 00:00 0 
68221000-68300000 ---p 00000000 00:00 0 
683a5000-68400000 rw-p 00000000 00:00 0 
68400000-68421000 rw-p 00000000 00:00 0 
68421000-68500000 ---p 00000000 00:00 0 
68509000-6850a000 ---p 00000000 00:00 0 
6850a000-6858a000 rw-p 00000000 00:00 0          [stack:6215]
6858a000-6858b000 ---p 00000000 00:00 0 
6858b000-68621000 rw-p 00000000 00:00 0          [stack:6214]
68621000-68758000 ---p 00000000 00:00 0 
68758000-68763000 rw-p 00000000 00:00 0 
68763000-687ff000 ---p 00000000 00:00 0 
687ff000-6b2c0000 rw-p 00000000 00:00 0 
6b2c0000-922c0000 ---p 00000000 00:00 0 
922c0000-93800000 rw-p 00000000 00:00 0 
93800000-a7000000 ---p 00000000 00:00 0 
a702f000-a7084000 rw-p 00000000 00:00 0 
a7084000-a71bc000 ---p 00000000 00:00 0 
a71bc000-a71c5000 rw-p 00000000 00:00 0 
a71c5000-a757c000 ---p 00000000 00:00 0 
a757c000-a77bc000 rwxp 00000000 00:00 0 
a77bc000-b657c000 ---p 00000000 00:00 0 
b657c000-b6595000 r-xp 00000000 08:03 2374593    /media/fb5e735f-a74b-45c3-82fb-10dd213443e6/diego/adt-bundle-linux-x86-20140702/eclipse/jre/lib/i386/libzip.so
b6595000-b6596000 rw-p 00018000 08:03 2374593    /media/fb5e735f-a74b-45c3-82fb-10dd213443e6/diego/adt-bundle-linux-x86-20140702/eclipse/jre/lib/i386/libzip.so
b6596000-b65a1000 r-xp 00000000 08:02 1442018    /lib/i386-linux-gnu/libnss_files-2.15.so
b65a1000-b65a2000 r--p 0000a000 08:02 1442018    /lib/i386-linux-gnu/libnss_files-2.15.so
b65a2000-b65a3000 rw-p 0000b000 08:02 1442018    /lib/i386-linux-gnu/libnss_files-2.15.so
b65a3000-b65ad000 r-xp 00000000 08:02 1442035    /lib/i386-linux-gnu/libnss_nis-2.15.so
b65ad000-b65ae000 r--p 00009000 08:02 1442035    /lib/i386-linux-gnu/libnss_nis-2.15.so
b65ae000-b65af000 rw-p 0000a000 08:02 1442035    /lib/i386-linux-gnu/libnss_nis-2.15.so
b65af000-b65c5000 r-xp 00000000 08:02 1442025    /lib/i386-linux-gnu/libnsl-2.15.so
b65c5000-b65c6000 r--p 00015000 08:02 1442025    /lib/i386-linux-gnu/libnsl-2.15.so
b65c6000-b65c7000 rw-p 00016000 08:02 1442025    /lib/i386-linux-gnu/libnsl-2.15.so
b65c7000-b65c9000 rw-p 00000000 00:00 0 
b65db000-b65ff000 r-xp 00000000 08:03 2374557    /media/fb5e735f-a74b-45c3-82fb-10dd213443e6/diego/adt-bundle-linux-x86-20140702/eclipse/jre/lib/i386/libjava.so
b65ff000-b6600000 rw-p 00023000 08:03 2374557    /media/fb5e735f-a74b-45c3-82fb-10dd213443e6/diego/adt-bundle-linux-x86-20140702/eclipse/jre/lib/i386/libjava.so
b6600000-b6653000 rw-p 00000000 00:00 0 
b6653000-b6700000 ---p 00000000 00:00 0 
b6700000-b6708000 rw-s 00000000 08:02 1313012    /tmp/hsperfdata_diego/6208
b6708000-b670f000 r-xp 00000000 08:02 1442021    /lib/i386-linux-gnu/libnss_compat-2.15.so
b670f000-b6710000 r--p 00006000 08:02 1442021    /lib/i386-linux-gnu/libnss_compat-2.15.so
b6710000-b6711000 rw-p 00007000 08:02 1442021    /lib/i386-linux-gnu/libnss_compat-2.15.so
b6711000-b6718000 r-xp 00000000 08:02 1442029    /lib/i386-linux-gnu/librt-2.15.so
b6718000-b6719000 r--p 00006000 08:02 1442029    /lib/i386-linux-gnu/librt-2.15.so
b6719000-b671a000 rw-p 00007000 08:02 1442029    /lib/i386-linux-gnu/librt-2.15.so
b671a000-b671d000 ---p 00000000 00:00 0 
b671d000-b676b000 rw-p 00000000 00:00 0          [stack:6213]
b676b000-b6795000 r-xp 00000000 08:02 1442023    /lib/i386-linux-gnu/libm-2.15.so
b6795000-b6796000 r--p 00029000 08:02 1442023    /lib/i386-linux-gnu/libm-2.15.so
b6796000-b6797000 rw-p 0002a000 08:02 1442023    /lib/i386-linux-gnu/libm-2.15.so
b6797000-b70d3000 r-xp 00000000 08:03 2374602    /media/fb5e735f-a74b-45c3-82fb-10dd213443e6/diego/adt-bundle-linux-x86-20140702/eclipse/jre/lib/i386/server/libjvm.so
b70d3000-b713f000 rw-p 0093b000 08:03 2374602    /media/fb5e735f-a74b-45c3-82fb-10dd213443e6/diego/adt-bundle-linux-x86-20140702/eclipse/jre/lib/i386/server/libjvm.so
b713f000-b7565000 rw-p 00000000 00:00 0 
b7565000-b7709000 r-xp 00000000 08:02 1442033    /lib/i386-linux-gnu/libc-2.15.so
b7709000-b770b000 r--p 001a4000 08:02 1442033    /lib/i386-linux-gnu/libc-2.15.so
b770b000-b770c000 rw-p 001a6000 08:02 1442033    /lib/i386-linux-gnu/libc-2.15.so
b770c000-b770f000 rw-p 00000000 00:00 0 
b770f000-b7712000 r-xp 00000000 08:02 1442020    /lib/i386-linux-gnu/libdl-2.15.so
b7712000-b7713000 r--p 00002000 08:02 1442020    /lib/i386-linux-gnu/libdl-2.15.so
b7713000-b7714000 rw-p 00003000 08:02 1442020    /lib/i386-linux-gnu/libdl-2.15.so
b7714000-b7728000 r-xp 00000000 08:03 2374583    /media/fb5e735f-a74b-45c3-82fb-10dd213443e6/diego/adt-bundle-linux-x86-20140702/eclipse/jre/lib/i386/jli/libjli.so
b7728000-b7729000 rw-p 00013000 08:03 2374583    /media/fb5e735f-a74b-45c3-82fb-10dd213443e6/diego/adt-bundle-linux-x86-20140702/eclipse/jre/lib/i386/jli/libjli.so
b7729000-b7740000 r-xp 00000000 08:02 1442027    /lib/i386-linux-gnu/libpthread-2.15.so
b7740000-b7741000 r--p 00016000 08:02 1442027    /lib/i386-linux-gnu/libpthread-2.15.so
b7741000-b7742000 rw-p 00017000 08:02 1442027    /lib/i386-linux-gnu/libpthread-2.15.so
b7742000-b7745000 rw-p 00000000 00:00 0 
b7746000-b774a000 rw-p 00000000 00:00 0 
b774a000-b774b000 r--p 00000000 00:00 0 
b774b000-b7756000 r-xp 00000000 08:03 2374580    /media/fb5e735f-a74b-45c3-82fb-10dd213443e6/diego/adt-bundle-linux-x86-20140702/eclipse/jre/lib/i386/libverify.so
b7756000-b7757000 rw-p 0000b000 08:03 2374580    /media/fb5e735f-a74b-45c3-82fb-10dd213443e6/diego/adt-bundle-linux-x86-20140702/eclipse/jre/lib/i386/libverify.so
b7757000-b7759000 rw-p 00000000 00:00 0 
b7759000-b775a000 r-xp 00000000 00:00 0          [vdso]
b775a000-b777a000 r-xp 00000000 08:02 1442017    /lib/i386-linux-gnu/ld-2.15.so
b777a000-b777b000 r--p 0001f000 08:02 1442017    /lib/i386-linux-gnu/ld-2.15.so
b777b000-b777c000 rw-p 00020000 08:02 1442017    /lib/i386-linux-gnu/ld-2.15.so
bf815000-bf816000 rwxp 00000000 00:00 0 
bf848000-bf869000 rw-p 00000000 00:00 0          [stack]

VM Arguments:
jvm_args: -Dfile.encoding=UTF-8 -Xbootclasspath:/media/fb5e735f-a74b-45c3-82fb-10dd213443e6/diego/adt-bundle-linux-x86-20140702/sdk/platforms/android-19/android.jar 
java_command: com.example.app.LeerCsv
java_class_path (initial): /home/diego/git/proyecto/libs/androidplot-core-0.6.2-SNAPSHOT.jar:/home/diego/git/proyecto/libs/achartengine-1.1.0.jar:/home/diego/git/proyecto/libs/android-support-v4.jar:/home/diego/git/proyecto/bin/classes:/home/diego/Descargas/javacsv.jar
Launcher Type: SUN_STANDARD

Environment Variables:
PATH=/usr/lib/lightdm/lightdm:/usr/local/sbin:/usr/local/bin:/usr/sbin:/usr/bin:/sbin:/bin:/usr/games
LD_LIBRARY_PATH=/media/fb5e735f-a74b-45c3-82fb-10dd213443e6/diego/adt-bundle-linux-x86-20140702/eclipse/jre/lib/i386/server:/media/fb5e735f-a74b-45c3-82fb-10dd213443e6/diego/adt-bundle-linux-x86-20140702/eclipse/jre/lib/i386:/media/fb5e735f-a74b-45c3-82fb-10dd213443e6/diego/adt-bundle-linux-x86-20140702/eclipse/jre/../lib/i386:/media/fb5e735f-a74b-45c3-82fb-10dd213443e6/diego/adt-bundle-linux-x86-20140702/eclipse/jre/lib/i386/client:/media/fb5e735f-a74b-45c3-82fb-10dd213443e6/diego/adt-bundle-linux-x86-20140702/eclipse/jre/lib/i386:
SHELL=/bin/bash
DISPLAY=:0.0

Signal Handlers:
SIGSEGV: [libjvm.so+0x8943c0], sa_mask[0]=11111111011111111101111111111110, sa_flags=SA_RESTART|SA_SIGINFO
SIGBUS: [libjvm.so+0x8943c0], sa_mask[0]=11111111011111111101111111111110, sa_flags=SA_RESTART|SA_SIGINFO
SIGFPE: [libjvm.so+0x71de00], sa_mask[0]=11111111011111111101111111111110, sa_flags=SA_RESTART|SA_SIGINFO
SIGPIPE: [libjvm.so+0x71de00], sa_mask[0]=11111111011111111101111111111110, sa_flags=SA_RESTART|SA_SIGINFO
SIGXFSZ: [libjvm.so+0x71de00], sa_mask[0]=11111111011111111101111111111110, sa_flags=SA_RESTART|SA_SIGINFO
SIGILL: [libjvm.so+0x71de00], sa_mask[0]=11111111011111111101111111111110, sa_flags=SA_RESTART|SA_SIGINFO
SIGUSR1: SIG_DFL, sa_mask[0]=00000000000000000000000000000000, sa_flags=none
SIGUSR2: [libjvm.so+0x71f5b0], sa_mask[0]=00100000000000000000000000000000, sa_flags=SA_RESTART|SA_SIGINFO
SIGHUP: SIG_DFL, sa_mask[0]=00000000000000000000000000000000, sa_flags=none
SIGINT: SIG_DFL, sa_mask[0]=00000000000000000000000000000000, sa_flags=none
SIGTERM: SIG_DFL, sa_mask[0]=00000000000000000000000000000000, sa_flags=none
SIGQUIT: SIG_DFL, sa_mask[0]=00000000000000000000000000000000, sa_flags=none


---------------  S Y S T E M  ---------------

OS:DISTRIB_ID=Ubuntu
DISTRIB_RELEASE=12.04
DISTRIB_CODENAME=precise
DISTRIB_DESCRIPTION="Ubuntu 12.04.5 LTS"

uname:Linux 3.8.0-44-generic #66~precise1-Ubuntu SMP Tue Jul 15 04:04:23 UTC 2014 i686
libc:glibc 2.15 NPTL 2.15 
rlimit: STACK 8192k, CORE 0k, NPROC 31866, NOFILE 4096, AS infinity
load average:0.93 0.90 1.14

/proc/meminfo:
MemTotal:        4095712 kB
MemFree:         1423260 kB
Buffers:          214324 kB
Cached:          1166256 kB
SwapCached:            0 kB
Active:          1673036 kB
Inactive:         829368 kB
Active(anon):    1122872 kB
Inactive(anon):    22388 kB
Active(file):     550164 kB
Inactive(file):   806980 kB
Unevictable:          88 kB
Mlocked:              88 kB
HighTotal:       3245384 kB
HighFree:         927080 kB
LowTotal:         850328 kB
LowFree:          496180 kB
SwapTotal:       2097148 kB
SwapFree:        2097148 kB
Dirty:               136 kB
Writeback:             0 kB
AnonPages:       1122076 kB
Mapped:           218312 kB
Shmem:             23444 kB
Slab:             118004 kB
SReclaimable:     100104 kB
SUnreclaim:        17900 kB
KernelStack:        4216 kB
PageTables:        13048 kB
NFS_Unstable:          0 kB
Bounce:                0 kB
WritebackTmp:          0 kB
CommitLimit:     4145004 kB
Committed_AS:    4430220 kB
VmallocTotal:     122880 kB
VmallocUsed:       60488 kB
VmallocChunk:      53156 kB
HardwareCorrupted:     0 kB
AnonHugePages:         0 kB
HugePages_Total:       0
HugePages_Free:        0
HugePages_Rsvd:        0
HugePages_Surp:        0
Hugepagesize:       2048 kB
DirectMap4k:       10232 kB
DirectMap2M:      903168 kB


CPU:total 2 (2 cores per cpu, 1 threads per core) family 6 model 23 stepping 10, cmov, cx8, fxsr, mmx, sse, sse2, sse3, ssse3, tsc

/proc/cpuinfo:
processor	: 0
vendor_id	: GenuineIntel
cpu family	: 6
model		: 23
model name	: Pentium(R) Dual-Core CPU       T4200  @ 2.00GHz
stepping	: 10
microcode	: 0xa07
cpu MHz		: 2000.000
cache size	: 1024 KB
physical id	: 0
siblings	: 2
core id		: 0
cpu cores	: 2
apicid		: 0
initial apicid	: 0
fdiv_bug	: no
hlt_bug		: no
f00f_bug	: no
coma_bug	: no
fpu		: yes
fpu_exception	: yes
cpuid level	: 13
wp		: yes
flags		: fpu vme de pse tsc msr pae mce cx8 apic sep mtrr pge mca cmov pat pse36 clflush dts acpi mmx fxsr sse sse2 ss ht tm pbe nx lm constant_tsc arch_perfmon pebs bts aperfmperf pni dtes64 monitor ds_cpl est tm2 ssse3 cx16 xtpr pdcm xsave lahf_lm dtherm
bogomips	: 3990.01
clflush size	: 64
cache_alignment	: 64
address sizes	: 36 bits physical, 48 bits virtual
power management:

processor	: 1
vendor_id	: GenuineIntel
cpu family	: 6
model		: 23
model name	: Pentium(R) Dual-Core CPU       T4200  @ 2.00GHz
stepping	: 10
microcode	: 0xa07
cpu MHz		: 2000.000
cache size	: 1024 KB
physical id	: 0
siblings	: 2
core id		: 1
cpu cores	: 2
apicid		: 1
initial apicid	: 1
fdiv_bug	: no
hlt_bug		: no
f00f_bug	: no
coma_bug	: no
fpu		: yes
fpu_exception	: yes
cpuid level	: 13
wp		: yes
flags		: fpu vme de pse tsc msr pae mce cx8 apic sep mtrr pge mca cmov pat pse36 clflush dts acpi mmx fxsr sse sse2 ss ht tm pbe nx lm constant_tsc arch_perfmon pebs bts aperfmperf pni dtes64 monitor ds_cpl est tm2 ssse3 cx16 xtpr pdcm xsave lahf_lm dtherm
bogomips	: 3990.01
clflush size	: 64
cache_alignment	: 64
address sizes	: 36 bits physical, 48 bits virtual
power management:



Memory: 4k page, physical 4095712k(1423260k free), swap 2097148k(2097148k free)

vm_info: Java HotSpot(TM) Server VM (25.25-b02) for linux-x86 JRE (1.8.0_25-b17), built on Sep 17 2014 16:16:24 by "java_re" with gcc 4.3.0 20080428 (Red Hat 4.3.0-8)

time: Mon Jan 19 12:31:15 2015
elapsed time: 0 seconds (0d 0h 0m 0s)

